<?xml version="1.0" encoding="UTF-8"?>
<testsuite xmlns:xsi="http://www.w3.org/2001/XMLSchema-instance" xsi:noNamespaceSchemaLocation="https://maven.apache.org/surefire/maven-surefire-plugin/xsd/surefire-test-report.xsd" name="com.example.demo.DemoApplicationTests" time="5.491" tests="1" errors="0" skipped="0" failures="0">
  <properties>
    <property name="sun.desktop" value="windows"/>
    <property name="awt.toolkit" value="sun.awt.windows.WToolkit"/>
    <property name="file.encoding.pkg" value="sun.io"/>
    <property name="java.specification.version" value="1.8"/>
    <property name="sun.cpu.isalist" value="pentium_pro+mmx pentium_pro pentium+mmx pentium i486 i386 i86"/>
    <property name="sun.jnu.encoding" value="GBK"/>
    <property name="java.class.path" value="D:\Workspace\demo\target\test-classes;D:\Workspace\demo\target\classes;D:\maven-repos\org\springframework\boot\spring-boot-starter-web\2.2.2.RELEASE\spring-boot-starter-web-2.2.2.RELEASE.jar;D:\maven-repos\org\springframework\boot\spring-boot-starter\2.2.2.RELEASE\spring-boot-starter-2.2.2.RELEASE.jar;D:\maven-repos\org\springframework\boot\spring-boot\2.2.2.RELEASE\spring-boot-2.2.2.RELEASE.jar;D:\maven-repos\org\springframework\boot\spring-boot-autoconfigure\2.2.2.RELEASE\spring-boot-autoconfigure-2.2.2.RELEASE.jar;D:\maven-repos\org\springframework\boot\spring-boot-starter-logging\2.2.2.RELEASE\spring-boot-starter-logging-2.2.2.RELEASE.jar;D:\maven-repos\ch\qos\logback\logback-classic\1.2.3\logback-classic-1.2.3.jar;D:\maven-repos\ch\qos\logback\logback-core\1.2.3\logback-core-1.2.3.jar;D:\maven-repos\org\apache\logging\log4j\log4j-to-slf4j\2.12.1\log4j-to-slf4j-2.12.1.jar;D:\maven-repos\org\apache\logging\log4j\log4j-api\2.12.1\log4j-api-2.12.1.jar;D:\maven-repos\org\slf4j\jul-to-slf4j\1.7.29\jul-to-slf4j-1.7.29.jar;D:\maven-repos\jakarta\annotation\jakarta.annotation-api\1.3.5\jakarta.annotation-api-1.3.5.jar;D:\maven-repos\org\yaml\snakeyaml\1.25\snakeyaml-1.25.jar;D:\maven-repos\org\springframework\boot\spring-boot-starter-json\2.2.2.RELEASE\spring-boot-starter-json-2.2.2.RELEASE.jar;D:\maven-repos\com\fasterxml\jackson\core\jackson-databind\2.10.1\jackson-databind-2.10.1.jar;D:\maven-repos\com\fasterxml\jackson\core\jackson-core\2.10.1\jackson-core-2.10.1.jar;D:\maven-repos\com\fasterxml\jackson\datatype\jackson-datatype-jdk8\2.10.1\jackson-datatype-jdk8-2.10.1.jar;D:\maven-repos\com\fasterxml\jackson\datatype\jackson-datatype-jsr310\2.10.1\jackson-datatype-jsr310-2.10.1.jar;D:\maven-repos\com\fasterxml\jackson\module\jackson-module-parameter-names\2.10.1\jackson-module-parameter-names-2.10.1.jar;D:\maven-repos\org\springframework\boot\spring-boot-starter-tomcat\2.2.2.RELEASE\spring-boot-starter-tomcat-2.2.2.RELEASE.jar;D:\maven-repos\org\apache\tomcat\embed\tomcat-embed-core\9.0.29\tomcat-embed-core-9.0.29.jar;D:\maven-repos\org\apache\tomcat\embed\tomcat-embed-el\9.0.29\tomcat-embed-el-9.0.29.jar;D:\maven-repos\org\apache\tomcat\embed\tomcat-embed-websocket\9.0.29\tomcat-embed-websocket-9.0.29.jar;D:\maven-repos\org\springframework\boot\spring-boot-starter-validation\2.2.2.RELEASE\spring-boot-starter-validation-2.2.2.RELEASE.jar;D:\maven-repos\jakarta\validation\jakarta.validation-api\2.0.1\jakarta.validation-api-2.0.1.jar;D:\maven-repos\org\hibernate\validator\hibernate-validator\6.0.18.Final\hibernate-validator-6.0.18.Final.jar;D:\maven-repos\org\jboss\logging\jboss-logging\3.4.1.Final\jboss-logging-3.4.1.Final.jar;D:\maven-repos\org\springframework\spring-web\5.2.2.RELEASE\spring-web-5.2.2.RELEASE.jar;D:\maven-repos\org\springframework\spring-beans\5.2.2.RELEASE\spring-beans-5.2.2.RELEASE.jar;D:\maven-repos\org\springframework\spring-webmvc\5.2.2.RELEASE\spring-webmvc-5.2.2.RELEASE.jar;D:\maven-repos\org\springframework\spring-aop\5.2.2.RELEASE\spring-aop-5.2.2.RELEASE.jar;D:\maven-repos\org\springframework\spring-context\5.2.2.RELEASE\spring-context-5.2.2.RELEASE.jar;D:\maven-repos\org\springframework\spring-expression\5.2.2.RELEASE\spring-expression-5.2.2.RELEASE.jar;D:\maven-repos\org\mybatis\spring\boot\mybatis-spring-boot-starter\2.1.1\mybatis-spring-boot-starter-2.1.1.jar;D:\maven-repos\org\springframework\boot\spring-boot-starter-jdbc\2.2.2.RELEASE\spring-boot-starter-jdbc-2.2.2.RELEASE.jar;D:\maven-repos\com\zaxxer\HikariCP\3.4.1\HikariCP-3.4.1.jar;D:\maven-repos\org\springframework\spring-jdbc\5.2.2.RELEASE\spring-jdbc-5.2.2.RELEASE.jar;D:\maven-repos\org\springframework\spring-tx\5.2.2.RELEASE\spring-tx-5.2.2.RELEASE.jar;D:\maven-repos\org\mybatis\spring\boot\mybatis-spring-boot-autoconfigure\2.1.1\mybatis-spring-boot-autoconfigure-2.1.1.jar;D:\maven-repos\org\mybatis\mybatis\3.5.3\mybatis-3.5.3.jar;D:\maven-repos\org\mybatis\mybatis-spring\2.0.3\mybatis-spring-2.0.3.jar;D:\maven-repos\org\apache\shiro\shiro-spring\1.4.0\shiro-spring-1.4.0.jar;D:\maven-repos\org\apache\shiro\shiro-core\1.4.0\shiro-core-1.4.0.jar;D:\maven-repos\org\apache\shiro\shiro-lang\1.4.0\shiro-lang-1.4.0.jar;D:\maven-repos\org\apache\shiro\shiro-cache\1.4.0\shiro-cache-1.4.0.jar;D:\maven-repos\org\apache\shiro\shiro-crypto-hash\1.4.0\shiro-crypto-hash-1.4.0.jar;D:\maven-repos\org\apache\shiro\shiro-crypto-core\1.4.0\shiro-crypto-core-1.4.0.jar;D:\maven-repos\org\apache\shiro\shiro-crypto-cipher\1.4.0\shiro-crypto-cipher-1.4.0.jar;D:\maven-repos\org\apache\shiro\shiro-config-core\1.4.0\shiro-config-core-1.4.0.jar;D:\maven-repos\org\apache\shiro\shiro-config-ogdl\1.4.0\shiro-config-ogdl-1.4.0.jar;D:\maven-repos\commons-beanutils\commons-beanutils\1.9.3\commons-beanutils-1.9.3.jar;D:\maven-repos\commons-collections\commons-collections\3.2.2\commons-collections-3.2.2.jar;D:\maven-repos\org\apache\shiro\shiro-event\1.4.0\shiro-event-1.4.0.jar;D:\maven-repos\org\apache\shiro\shiro-web\1.4.0\shiro-web-1.4.0.jar;D:\maven-repos\org\projectlombok\lombok\1.16.10\lombok-1.16.10.jar;D:\maven-repos\io\springfox\springfox-swagger2\2.9.2\springfox-swagger2-2.9.2.jar;D:\maven-repos\io\swagger\swagger-annotations\1.5.20\swagger-annotations-1.5.20.jar;D:\maven-repos\io\swagger\swagger-models\1.5.20\swagger-models-1.5.20.jar;D:\maven-repos\com\fasterxml\jackson\core\jackson-annotations\2.10.1\jackson-annotations-2.10.1.jar;D:\maven-repos\io\springfox\springfox-spi\2.9.2\springfox-spi-2.9.2.jar;D:\maven-repos\io\springfox\springfox-core\2.9.2\springfox-core-2.9.2.jar;D:\maven-repos\io\springfox\springfox-schema\2.9.2\springfox-schema-2.9.2.jar;D:\maven-repos\io\springfox\springfox-swagger-common\2.9.2\springfox-swagger-common-2.9.2.jar;D:\maven-repos\io\springfox\springfox-spring-web\2.9.2\springfox-spring-web-2.9.2.jar;D:\maven-repos\com\google\guava\guava\20.0\guava-20.0.jar;D:\maven-repos\com\fasterxml\classmate\1.5.1\classmate-1.5.1.jar;D:\maven-repos\org\slf4j\slf4j-api\1.7.29\slf4j-api-1.7.29.jar;D:\maven-repos\org\springframework\plugin\spring-plugin-core\1.2.0.RELEASE\spring-plugin-core-1.2.0.RELEASE.jar;D:\maven-repos\org\springframework\plugin\spring-plugin-metadata\1.2.0.RELEASE\spring-plugin-metadata-1.2.0.RELEASE.jar;D:\maven-repos\org\mapstruct\mapstruct\1.2.0.Final\mapstruct-1.2.0.Final.jar;D:\maven-repos\io\springfox\springfox-swagger-ui\2.9.2\springfox-swagger-ui-2.9.2.jar;D:\maven-repos\mysql\mysql-connector-java\8.0.18\mysql-connector-java-8.0.18.jar;D:\maven-repos\org\springframework\boot\spring-boot-starter-test\2.2.2.RELEASE\spring-boot-starter-test-2.2.2.RELEASE.jar;D:\maven-repos\org\springframework\boot\spring-boot-test\2.2.2.RELEASE\spring-boot-test-2.2.2.RELEASE.jar;D:\maven-repos\org\springframework\boot\spring-boot-test-autoconfigure\2.2.2.RELEASE\spring-boot-test-autoconfigure-2.2.2.RELEASE.jar;D:\maven-repos\com\jayway\jsonpath\json-path\2.4.0\json-path-2.4.0.jar;D:\maven-repos\net\minidev\json-smart\2.3\json-smart-2.3.jar;D:\maven-repos\net\minidev\accessors-smart\1.2\accessors-smart-1.2.jar;D:\maven-repos\org\ow2\asm\asm\5.0.4\asm-5.0.4.jar;D:\maven-repos\jakarta\xml\bind\jakarta.xml.bind-api\2.3.2\jakarta.xml.bind-api-2.3.2.jar;D:\maven-repos\jakarta\activation\jakarta.activation-api\1.2.1\jakarta.activation-api-1.2.1.jar;D:\maven-repos\org\junit\jupiter\junit-jupiter\5.5.2\junit-jupiter-5.5.2.jar;D:\maven-repos\org\junit\jupiter\junit-jupiter-api\5.5.2\junit-jupiter-api-5.5.2.jar;D:\maven-repos\org\apiguardian\apiguardian-api\1.1.0\apiguardian-api-1.1.0.jar;D:\maven-repos\org\opentest4j\opentest4j\1.2.0\opentest4j-1.2.0.jar;D:\maven-repos\org\junit\platform\junit-platform-commons\1.5.2\junit-platform-commons-1.5.2.jar;D:\maven-repos\org\junit\jupiter\junit-jupiter-params\5.5.2\junit-jupiter-params-5.5.2.jar;D:\maven-repos\org\junit\jupiter\junit-jupiter-engine\5.5.2\junit-jupiter-engine-5.5.2.jar;D:\maven-repos\org\junit\platform\junit-platform-engine\1.5.2\junit-platform-engine-1.5.2.jar;D:\maven-repos\org\mockito\mockito-junit-jupiter\3.1.0\mockito-junit-jupiter-3.1.0.jar;D:\maven-repos\org\assertj\assertj-core\3.13.2\assertj-core-3.13.2.jar;D:\maven-repos\org\hamcrest\hamcrest\2.1\hamcrest-2.1.jar;D:\maven-repos\org\mockito\mockito-core\3.1.0\mockito-core-3.1.0.jar;D:\maven-repos\net\bytebuddy\byte-buddy\1.10.4\byte-buddy-1.10.4.jar;D:\maven-repos\net\bytebuddy\byte-buddy-agent\1.10.4\byte-buddy-agent-1.10.4.jar;D:\maven-repos\org\objenesis\objenesis\2.6\objenesis-2.6.jar;D:\maven-repos\org\skyscreamer\jsonassert\1.5.0\jsonassert-1.5.0.jar;D:\maven-repos\com\vaadin\external\google\android-json\0.0.20131108.vaadin1\android-json-0.0.20131108.vaadin1.jar;D:\maven-repos\org\springframework\spring-core\5.2.2.RELEASE\spring-core-5.2.2.RELEASE.jar;D:\maven-repos\org\springframework\spring-jcl\5.2.2.RELEASE\spring-jcl-5.2.2.RELEASE.jar;D:\maven-repos\org\springframework\spring-test\5.2.2.RELEASE\spring-test-5.2.2.RELEASE.jar;D:\maven-repos\org\xmlunit\xmlunit-core\2.6.3\xmlunit-core-2.6.3.jar;"/>
    <property name="java.vm.vendor" value="Oracle Corporation"/>
    <property name="sun.arch.data.model" value="32"/>
    <property name="user.variant" value=""/>
    <property name="java.vendor.url" value="http://java.oracle.com/"/>
    <property name="user.timezone" value="Asia/Shanghai"/>
    <property name="java.vm.specification.version" value="1.8"/>
    <property name="os.name" value="Windows 10"/>
    <property name="user.country" value="CN"/>
    <property name="sun.java.launcher" value="SUN_STANDARD"/>
    <property name="sun.boot.library.path" value="D:\Java\JDK1.8u74_x86\jre\bin"/>
    <property name="sun.java.command" value="C:\Users\ADMINI~1\AppData\Local\Temp\surefire6738606158687134299\surefirebooter4040534402460076621.jar C:\Users\Administrator\AppData\Local\Temp\surefire6738606158687134299 2020-05-06T09-57-50_717-jvmRun1 surefire4293163689719276483tmp surefire_0635293536410799928tmp"/>
    <property name="surefire.test.class.path" value="D:\Workspace\demo\target\test-classes;D:\Workspace\demo\target\classes;D:\maven-repos\org\springframework\boot\spring-boot-starter-web\2.2.2.RELEASE\spring-boot-starter-web-2.2.2.RELEASE.jar;D:\maven-repos\org\springframework\boot\spring-boot-starter\2.2.2.RELEASE\spring-boot-starter-2.2.2.RELEASE.jar;D:\maven-repos\org\springframework\boot\spring-boot\2.2.2.RELEASE\spring-boot-2.2.2.RELEASE.jar;D:\maven-repos\org\springframework\boot\spring-boot-autoconfigure\2.2.2.RELEASE\spring-boot-autoconfigure-2.2.2.RELEASE.jar;D:\maven-repos\org\springframework\boot\spring-boot-starter-logging\2.2.2.RELEASE\spring-boot-starter-logging-2.2.2.RELEASE.jar;D:\maven-repos\ch\qos\logback\logback-classic\1.2.3\logback-classic-1.2.3.jar;D:\maven-repos\ch\qos\logback\logback-core\1.2.3\logback-core-1.2.3.jar;D:\maven-repos\org\apache\logging\log4j\log4j-to-slf4j\2.12.1\log4j-to-slf4j-2.12.1.jar;D:\maven-repos\org\apache\logging\log4j\log4j-api\2.12.1\log4j-api-2.12.1.jar;D:\maven-repos\org\slf4j\jul-to-slf4j\1.7.29\jul-to-slf4j-1.7.29.jar;D:\maven-repos\jakarta\annotation\jakarta.annotation-api\1.3.5\jakarta.annotation-api-1.3.5.jar;D:\maven-repos\org\yaml\snakeyaml\1.25\snakeyaml-1.25.jar;D:\maven-repos\org\springframework\boot\spring-boot-starter-json\2.2.2.RELEASE\spring-boot-starter-json-2.2.2.RELEASE.jar;D:\maven-repos\com\fasterxml\jackson\core\jackson-databind\2.10.1\jackson-databind-2.10.1.jar;D:\maven-repos\com\fasterxml\jackson\core\jackson-core\2.10.1\jackson-core-2.10.1.jar;D:\maven-repos\com\fasterxml\jackson\datatype\jackson-datatype-jdk8\2.10.1\jackson-datatype-jdk8-2.10.1.jar;D:\maven-repos\com\fasterxml\jackson\datatype\jackson-datatype-jsr310\2.10.1\jackson-datatype-jsr310-2.10.1.jar;D:\maven-repos\com\fasterxml\jackson\module\jackson-module-parameter-names\2.10.1\jackson-module-parameter-names-2.10.1.jar;D:\maven-repos\org\springframework\boot\spring-boot-starter-tomcat\2.2.2.RELEASE\spring-boot-starter-tomcat-2.2.2.RELEASE.jar;D:\maven-repos\org\apache\tomcat\embed\tomcat-embed-core\9.0.29\tomcat-embed-core-9.0.29.jar;D:\maven-repos\org\apache\tomcat\embed\tomcat-embed-el\9.0.29\tomcat-embed-el-9.0.29.jar;D:\maven-repos\org\apache\tomcat\embed\tomcat-embed-websocket\9.0.29\tomcat-embed-websocket-9.0.29.jar;D:\maven-repos\org\springframework\boot\spring-boot-starter-validation\2.2.2.RELEASE\spring-boot-starter-validation-2.2.2.RELEASE.jar;D:\maven-repos\jakarta\validation\jakarta.validation-api\2.0.1\jakarta.validation-api-2.0.1.jar;D:\maven-repos\org\hibernate\validator\hibernate-validator\6.0.18.Final\hibernate-validator-6.0.18.Final.jar;D:\maven-repos\org\jboss\logging\jboss-logging\3.4.1.Final\jboss-logging-3.4.1.Final.jar;D:\maven-repos\org\springframework\spring-web\5.2.2.RELEASE\spring-web-5.2.2.RELEASE.jar;D:\maven-repos\org\springframework\spring-beans\5.2.2.RELEASE\spring-beans-5.2.2.RELEASE.jar;D:\maven-repos\org\springframework\spring-webmvc\5.2.2.RELEASE\spring-webmvc-5.2.2.RELEASE.jar;D:\maven-repos\org\springframework\spring-aop\5.2.2.RELEASE\spring-aop-5.2.2.RELEASE.jar;D:\maven-repos\org\springframework\spring-context\5.2.2.RELEASE\spring-context-5.2.2.RELEASE.jar;D:\maven-repos\org\springframework\spring-expression\5.2.2.RELEASE\spring-expression-5.2.2.RELEASE.jar;D:\maven-repos\org\mybatis\spring\boot\mybatis-spring-boot-starter\2.1.1\mybatis-spring-boot-starter-2.1.1.jar;D:\maven-repos\org\springframework\boot\spring-boot-starter-jdbc\2.2.2.RELEASE\spring-boot-starter-jdbc-2.2.2.RELEASE.jar;D:\maven-repos\com\zaxxer\HikariCP\3.4.1\HikariCP-3.4.1.jar;D:\maven-repos\org\springframework\spring-jdbc\5.2.2.RELEASE\spring-jdbc-5.2.2.RELEASE.jar;D:\maven-repos\org\springframework\spring-tx\5.2.2.RELEASE\spring-tx-5.2.2.RELEASE.jar;D:\maven-repos\org\mybatis\spring\boot\mybatis-spring-boot-autoconfigure\2.1.1\mybatis-spring-boot-autoconfigure-2.1.1.jar;D:\maven-repos\org\mybatis\mybatis\3.5.3\mybatis-3.5.3.jar;D:\maven-repos\org\mybatis\mybatis-spring\2.0.3\mybatis-spring-2.0.3.jar;D:\maven-repos\org\apache\shiro\shiro-spring\1.4.0\shiro-spring-1.4.0.jar;D:\maven-repos\org\apache\shiro\shiro-core\1.4.0\shiro-core-1.4.0.jar;D:\maven-repos\org\apache\shiro\shiro-lang\1.4.0\shiro-lang-1.4.0.jar;D:\maven-repos\org\apache\shiro\shiro-cache\1.4.0\shiro-cache-1.4.0.jar;D:\maven-repos\org\apache\shiro\shiro-crypto-hash\1.4.0\shiro-crypto-hash-1.4.0.jar;D:\maven-repos\org\apache\shiro\shiro-crypto-core\1.4.0\shiro-crypto-core-1.4.0.jar;D:\maven-repos\org\apache\shiro\shiro-crypto-cipher\1.4.0\shiro-crypto-cipher-1.4.0.jar;D:\maven-repos\org\apache\shiro\shiro-config-core\1.4.0\shiro-config-core-1.4.0.jar;D:\maven-repos\org\apache\shiro\shiro-config-ogdl\1.4.0\shiro-config-ogdl-1.4.0.jar;D:\maven-repos\commons-beanutils\commons-beanutils\1.9.3\commons-beanutils-1.9.3.jar;D:\maven-repos\commons-collections\commons-collections\3.2.2\commons-collections-3.2.2.jar;D:\maven-repos\org\apache\shiro\shiro-event\1.4.0\shiro-event-1.4.0.jar;D:\maven-repos\org\apache\shiro\shiro-web\1.4.0\shiro-web-1.4.0.jar;D:\maven-repos\org\projectlombok\lombok\1.16.10\lombok-1.16.10.jar;D:\maven-repos\io\springfox\springfox-swagger2\2.9.2\springfox-swagger2-2.9.2.jar;D:\maven-repos\io\swagger\swagger-annotations\1.5.20\swagger-annotations-1.5.20.jar;D:\maven-repos\io\swagger\swagger-models\1.5.20\swagger-models-1.5.20.jar;D:\maven-repos\com\fasterxml\jackson\core\jackson-annotations\2.10.1\jackson-annotations-2.10.1.jar;D:\maven-repos\io\springfox\springfox-spi\2.9.2\springfox-spi-2.9.2.jar;D:\maven-repos\io\springfox\springfox-core\2.9.2\springfox-core-2.9.2.jar;D:\maven-repos\io\springfox\springfox-schema\2.9.2\springfox-schema-2.9.2.jar;D:\maven-repos\io\springfox\springfox-swagger-common\2.9.2\springfox-swagger-common-2.9.2.jar;D:\maven-repos\io\springfox\springfox-spring-web\2.9.2\springfox-spring-web-2.9.2.jar;D:\maven-repos\com\google\guava\guava\20.0\guava-20.0.jar;D:\maven-repos\com\fasterxml\classmate\1.5.1\classmate-1.5.1.jar;D:\maven-repos\org\slf4j\slf4j-api\1.7.29\slf4j-api-1.7.29.jar;D:\maven-repos\org\springframework\plugin\spring-plugin-core\1.2.0.RELEASE\spring-plugin-core-1.2.0.RELEASE.jar;D:\maven-repos\org\springframework\plugin\spring-plugin-metadata\1.2.0.RELEASE\spring-plugin-metadata-1.2.0.RELEASE.jar;D:\maven-repos\org\mapstruct\mapstruct\1.2.0.Final\mapstruct-1.2.0.Final.jar;D:\maven-repos\io\springfox\springfox-swagger-ui\2.9.2\springfox-swagger-ui-2.9.2.jar;D:\maven-repos\mysql\mysql-connector-java\8.0.18\mysql-connector-java-8.0.18.jar;D:\maven-repos\org\springframework\boot\spring-boot-starter-test\2.2.2.RELEASE\spring-boot-starter-test-2.2.2.RELEASE.jar;D:\maven-repos\org\springframework\boot\spring-boot-test\2.2.2.RELEASE\spring-boot-test-2.2.2.RELEASE.jar;D:\maven-repos\org\springframework\boot\spring-boot-test-autoconfigure\2.2.2.RELEASE\spring-boot-test-autoconfigure-2.2.2.RELEASE.jar;D:\maven-repos\com\jayway\jsonpath\json-path\2.4.0\json-path-2.4.0.jar;D:\maven-repos\net\minidev\json-smart\2.3\json-smart-2.3.jar;D:\maven-repos\net\minidev\accessors-smart\1.2\accessors-smart-1.2.jar;D:\maven-repos\org\ow2\asm\asm\5.0.4\asm-5.0.4.jar;D:\maven-repos\jakarta\xml\bind\jakarta.xml.bind-api\2.3.2\jakarta.xml.bind-api-2.3.2.jar;D:\maven-repos\jakarta\activation\jakarta.activation-api\1.2.1\jakarta.activation-api-1.2.1.jar;D:\maven-repos\org\junit\jupiter\junit-jupiter\5.5.2\junit-jupiter-5.5.2.jar;D:\maven-repos\org\junit\jupiter\junit-jupiter-api\5.5.2\junit-jupiter-api-5.5.2.jar;D:\maven-repos\org\apiguardian\apiguardian-api\1.1.0\apiguardian-api-1.1.0.jar;D:\maven-repos\org\opentest4j\opentest4j\1.2.0\opentest4j-1.2.0.jar;D:\maven-repos\org\junit\platform\junit-platform-commons\1.5.2\junit-platform-commons-1.5.2.jar;D:\maven-repos\org\junit\jupiter\junit-jupiter-params\5.5.2\junit-jupiter-params-5.5.2.jar;D:\maven-repos\org\junit\jupiter\junit-jupiter-engine\5.5.2\junit-jupiter-engine-5.5.2.jar;D:\maven-repos\org\junit\platform\junit-platform-engine\1.5.2\junit-platform-engine-1.5.2.jar;D:\maven-repos\org\mockito\mockito-junit-jupiter\3.1.0\mockito-junit-jupiter-3.1.0.jar;D:\maven-repos\org\assertj\assertj-core\3.13.2\assertj-core-3.13.2.jar;D:\maven-repos\org\hamcrest\hamcrest\2.1\hamcrest-2.1.jar;D:\maven-repos\org\mockito\mockito-core\3.1.0\mockito-core-3.1.0.jar;D:\maven-repos\net\bytebuddy\byte-buddy\1.10.4\byte-buddy-1.10.4.jar;D:\maven-repos\net\bytebuddy\byte-buddy-agent\1.10.4\byte-buddy-agent-1.10.4.jar;D:\maven-repos\org\objenesis\objenesis\2.6\objenesis-2.6.jar;D:\maven-repos\org\skyscreamer\jsonassert\1.5.0\jsonassert-1.5.0.jar;D:\maven-repos\com\vaadin\external\google\android-json\0.0.20131108.vaadin1\android-json-0.0.20131108.vaadin1.jar;D:\maven-repos\org\springframework\spring-core\5.2.2.RELEASE\spring-core-5.2.2.RELEASE.jar;D:\maven-repos\org\springframework\spring-jcl\5.2.2.RELEASE\spring-jcl-5.2.2.RELEASE.jar;D:\maven-repos\org\springframework\spring-test\5.2.2.RELEASE\spring-test-5.2.2.RELEASE.jar;D:\maven-repos\org\xmlunit\xmlunit-core\2.6.3\xmlunit-core-2.6.3.jar;"/>
    <property name="sun.cpu.endian" value="little"/>
    <property name="user.home" value="C:\Users\Administrator"/>
    <property name="user.language" value="zh"/>
    <property name="java.specification.vendor" value="Oracle Corporation"/>
    <property name="java.home" value="D:\Java\JDK1.8u74_x86\jre"/>
    <property name="basedir" value="D:\Workspace\demo"/>
    <property name="file.separator" value="\"/>
    <property name="line.separator" value="&#10;"/>
    <property name="idea.version2019.2.4" value="true"/>
    <property name="java.vm.specification.vendor" value="Oracle Corporation"/>
    <property name="java.specification.name" value="Java Platform API Specification"/>
    <property name="java.awt.graphicsenv" value="sun.awt.Win32GraphicsEnvironment"/>
    <property name="surefire.real.class.path" value="C:\Users\ADMINI~1\AppData\Local\Temp\surefire6738606158687134299\surefirebooter4040534402460076621.jar"/>
    <property name="sun.boot.class.path" value="D:\Java\JDK1.8u74_x86\jre\lib\resources.jar;D:\Java\JDK1.8u74_x86\jre\lib\rt.jar;D:\Java\JDK1.8u74_x86\jre\lib\sunrsasign.jar;D:\Java\JDK1.8u74_x86\jre\lib\jsse.jar;D:\Java\JDK1.8u74_x86\jre\lib\jce.jar;D:\Java\JDK1.8u74_x86\jre\lib\charsets.jar;D:\Java\JDK1.8u74_x86\jre\lib\jfr.jar;D:\Java\JDK1.8u74_x86\jre\classes"/>
    <property name="user.script" value=""/>
    <property name="sun.management.compiler" value="HotSpot Client Compiler"/>
    <property name="java.runtime.version" value="1.8.0_74-b02"/>
    <property name="user.name" value="Administrator"/>
    <property name="path.separator" value=";"/>
    <property name="os.version" value="10.0"/>
    <property name="java.endorsed.dirs" value="D:\Java\JDK1.8u74_x86\jre\lib\endorsed"/>
    <property name="java.runtime.name" value="Java(TM) SE Runtime Environment"/>
    <property name="file.encoding" value="GBK"/>
    <property name="java.vm.name" value="Java HotSpot(TM) Client VM"/>
    <property name="localRepository" value="D:\maven-repos"/>
    <property name="java.vendor.url.bug" value="http://bugreport.sun.com/bugreport/"/>
    <property name="java.io.tmpdir" value="C:\Users\ADMINI~1\AppData\Local\Temp\"/>
    <property name="java.version" value="1.8.0_74"/>
    <property name="user.dir" value="D:\Workspace\demo"/>
    <property name="os.arch" value="x86"/>
    <property name="java.vm.specification.name" value="Java Virtual Machine Specification"/>
    <property name="java.awt.printerjob" value="sun.awt.windows.WPrinterJob"/>
    <property name="sun.os.patch.level" value=""/>
    <property name="java.library.path" value="D:\Java\JDK1.8u74_x86\jre\bin;C:\Windows\Sun\Java\bin;C:\Windows\system32;C:\Windows;D:\Download\;D:\Java\JDK1.8u74_x86\bin;C:\Windows\System32;D:\python;D:\Program Files\nodejs\;D:\Program Files\Microsoft VS Code\bin;C:\Program Files\TortoiseSVN\bin;D:\python\Scripts;C:\Users\Administrator\AppData\Local\Microsoft\WindowsApps;C:\Users\Administrator\AppData\Roaming\npm;."/>
    <property name="java.vm.info" value="mixed mode"/>
    <property name="java.vendor" value="Oracle Corporation"/>
    <property name="java.vm.version" value="25.74-b02"/>
    <property name="java.ext.dirs" value="D:\Java\JDK1.8u74_x86\jre\lib\ext;C:\Windows\Sun\Java\lib\ext"/>
    <property name="sun.io.unicode.encoding" value="UnicodeLittle"/>
    <property name="java.class.version" value="52.0"/>
  </properties>
  <testcase name="contextLoads" classname="com.example.demo.DemoApplicationTests" time="0.188"/>
</testsuite>